<?xml version="1.0" encoding="UTF-8"?>
<robot generator="Robot 7.0.1 (Python 3.12.5 on win32)" generated="2024-08-21T15:32:50.239422" rpa="false" schemaversion="5">
<suite id="s1" name="Primeiro Teste" source="D:\Documentos\CURSO-ROBOT\primeiro_teste.robot">
<test id="s1-t1" name="Abrir navegador e acessar o site do organo" line="6">
<kw name="Open Browser" owner="SeleniumLibrary">
<msg time="2024-08-21T15:32:50.520692" level="INFO">Opening browser 'Chrome' to base url 'http://localhost:3000'.</msg>
<arg>url=http://localhost:3000</arg>
<arg>browser=Chrome</arg>
<doc>Opens a new browser instance to the optional ``url``.</doc>
<status status="PASS" start="2024-08-21T15:32:50.520692" elapsed="2.008923"/>
</kw>
<status status="PASS" start="2024-08-21T15:32:50.520692" elapsed="2.008923"/>
</test>
<test id="s1-t2" name="Preencher os campos do formulário" line="9">
<kw name="Input Text" owner="SeleniumLibrary">
<msg time="2024-08-21T15:32:52.529615" level="INFO">Typing text 'Akemi' into text field 'id:form-nome'.</msg>
<arg>id:form-nome</arg>
<arg>Akemi</arg>
<doc>Types the given ``text`` into the text field identified by ``locator``.</doc>
<status status="PASS" start="2024-08-21T15:32:52.529615" elapsed="0.115890"/>
</kw>
<kw name="Input Text" owner="SeleniumLibrary">
<msg time="2024-08-21T15:32:52.645505" level="INFO">Typing text 'Desenvolvedora' into text field 'id:form-cargo'.</msg>
<arg>id:form-cargo</arg>
<arg>Desenvolvedora</arg>
<doc>Types the given ``text`` into the text field identified by ``locator``.</doc>
<status status="PASS" start="2024-08-21T15:32:52.645505" elapsed="0.133599"/>
</kw>
<kw name="Input Text" owner="SeleniumLibrary">
<msg time="2024-08-21T15:32:52.780105" level="INFO">Typing text 'https://picsum.photos/200/300' into text field 'id:form-imagem'.</msg>
<arg>id:form-imagem</arg>
<arg>https://picsum.photos/200/300</arg>
<doc>Types the given ``text`` into the text field identified by ``locator``.</doc>
<status status="PASS" start="2024-08-21T15:32:52.779104" elapsed="0.207198"/>
</kw>
<kw name="Click Element" owner="SeleniumLibrary">
<msg time="2024-08-21T15:32:52.986302" level="INFO">Clicking element 'class:lista-suspensa'.</msg>
<arg>class:lista-suspensa</arg>
<doc>Click the element identified by ``locator``.</doc>
<status status="PASS" start="2024-08-21T15:32:52.986302" elapsed="0.059489"/>
</kw>
<kw name="Click Element" owner="SeleniumLibrary">
<msg time="2024-08-21T15:32:53.046791" level="INFO">Clicking element '//option[contains(.,'Programação')]'.</msg>
<arg>//option[contains(.,'Programação')]</arg>
<doc>Click the element identified by ``locator``.</doc>
<status status="PASS" start="2024-08-21T15:32:53.046791" elapsed="0.035722"/>
</kw>
<kw name="Sleep" owner="BuiltIn">
<msg time="2024-08-21T15:33:03.084047" level="INFO">Slept 10 seconds.</msg>
<arg>10s</arg>
<doc>Pauses the test executed for the given time.</doc>
<status status="PASS" start="2024-08-21T15:32:53.083515" elapsed="10.000532"/>
</kw>
<kw name="Click Element" owner="SeleniumLibrary">
<msg time="2024-08-21T15:33:03.084047" level="INFO">Clicking element 'form-botao'.</msg>
<arg>form-botao</arg>
<doc>Click the element identified by ``locator``.</doc>
<status status="PASS" start="2024-08-21T15:33:03.084047" elapsed="0.032192"/>
</kw>
<kw name="Element Should Be Visible" owner="SeleniumLibrary">
<msg time="2024-08-21T15:33:03.146821" level="INFO">Element 'class:colaborador' is displayed.</msg>
<arg>class:colaborador</arg>
<doc>Verifies that the element identified by ``locator`` is visible.</doc>
<status status="PASS" start="2024-08-21T15:33:03.127158" elapsed="0.019663"/>
</kw>
<kw name="Sleep" owner="BuiltIn">
<msg time="2024-08-21T15:33:08.147219" level="INFO">Slept 5 seconds.</msg>
<arg>5s</arg>
<doc>Pauses the test executed for the given time.</doc>
<status status="PASS" start="2024-08-21T15:33:03.146821" elapsed="5.000398"/>
</kw>
<status status="PASS" start="2024-08-21T15:32:52.529615" elapsed="15.617604"/>
</test>
<status status="PASS" start="2024-08-21T15:32:50.255047" elapsed="17.892172"/>
</suite>
<statistics>
<total>
<stat pass="2" fail="0" skip="0">All Tests</stat>
</total>
<tag>
</tag>
<suite>
<stat pass="2" fail="0" skip="0" id="s1" name="Primeiro Teste">Primeiro Teste</stat>
</suite>
</statistics>
<errors>
</errors>
</robot>
