<?xml version="1.0" encoding="UTF-8"?>
<robot generator="Robot 7.0.1 (Python 3.12.5 on win32)" generated="2024-08-22T13:49:46.854017" rpa="false" schemaversion="5">
<suite id="s1" name="Preenchimento Incorreto" source="d:\Documentos\CURSO-ROBOT\testes\preenchimento_incorreto.robot">
<test id="s1-t1" name="Verificar se quando um campo obrigatório não for preenchido corretamente o sistema exibe uma mensagem de campo obrigatório" line="7">
<kw name="Dado que eu acesse o Organo" owner="setup_teardown" type="SETUP">
<kw name="Open Browser" owner="SeleniumLibrary">
<msg time="2024-08-22T13:49:48.046475" level="INFO">Opening browser 'Chrome' to base url 'http://localhost:3000'.</msg>
<arg>url=http://localhost:3000</arg>
<arg>browser=Chrome</arg>
<doc>Opens a new browser instance to the optional ``url``.</doc>
<status status="PASS" start="2024-08-22T13:49:48.045474" elapsed="1.995605"/>
</kw>
<status status="PASS" start="2024-08-22T13:49:48.044473" elapsed="1.996606"/>
</kw>
<kw name="Dado que eu clique no botão criar card" owner="cadastro">
<kw name="Click Element" owner="SeleniumLibrary">
<msg time="2024-08-22T13:49:50.044082" level="INFO">Clicking element 'id:form-botao'.</msg>
<arg>${BOTAO_CARD}</arg>
<doc>Click the element identified by ``locator``.</doc>
<status status="PASS" start="2024-08-22T13:49:50.043083" elapsed="0.056049"/>
</kw>
<status status="PASS" start="2024-08-22T13:49:50.042081" elapsed="0.057051"/>
</kw>
<kw name="Então o sistema exibe uma mensagem de campo obrigatório" owner="cadastro">
<kw name="Element Should Be Visible" owner="SeleniumLibrary">
<msg time="2024-08-22T13:49:50.123153" level="INFO">Element 'id=form-nome-erro' is displayed.</msg>
<arg>id=form-nome-erro</arg>
<doc>Verifies that the element identified by ``locator`` is visible.</doc>
<status status="PASS" start="2024-08-22T13:49:50.101134" elapsed="0.022019"/>
</kw>
<kw name="Element Should Be Visible" owner="SeleniumLibrary">
<msg time="2024-08-22T13:49:50.143171" level="INFO">Element 'id=form-cargo-erro' is displayed.</msg>
<arg>id=form-cargo-erro</arg>
<doc>Verifies that the element identified by ``locator`` is visible.</doc>
<status status="PASS" start="2024-08-22T13:49:50.123153" elapsed="0.020018"/>
</kw>
<kw name="Element Should Be Visible" owner="SeleniumLibrary">
<msg time="2024-08-22T13:49:50.160187" level="INFO">Element 'id=form-times-erro' is displayed.</msg>
<arg>id=form-times-erro</arg>
<doc>Verifies that the element identified by ``locator`` is visible.</doc>
<status status="PASS" start="2024-08-22T13:49:50.143171" elapsed="0.018017"/>
</kw>
<status status="PASS" start="2024-08-22T13:49:50.100133" elapsed="0.061055"/>
</kw>
<kw name="Fechar o navegador" owner="setup_teardown" type="TEARDOWN">
<kw name="Close Browser" owner="SeleniumLibrary">
<doc>Closes the current browser.</doc>
<status status="PASS" start="2024-08-22T13:49:50.162189" elapsed="2.123473"/>
</kw>
<status status="PASS" start="2024-08-22T13:49:50.161188" elapsed="2.124474"/>
</kw>
<status status="PASS" start="2024-08-22T13:49:48.043473" elapsed="4.242189"/>
</test>
<status status="PASS" start="2024-08-22T13:49:46.860022" elapsed="5.427648"/>
</suite>
<statistics>
<total>
<stat pass="1" fail="0" skip="0">All Tests</stat>
</total>
<tag>
</tag>
<suite>
<stat pass="1" fail="0" skip="0" id="s1" name="Preenchimento Incorreto">Preenchimento Incorreto</stat>
</suite>
</statistics>
<errors>
</errors>
</robot>
